Build started 3/16/2016 4:40:59 AM.
     1>Project "I:\GoFish\GoFish\GoFish.vcxproj" on node 2 (Build target(s)).
     1>ClCompile:
         C:\Program Files (x86)\Microsoft Visual Studio 14.0\VC\bin\CL.exe /c /ZI /nologo /W3 /WX- /sdl /Od /Oy- /D WIN32 /D _DEBUG /D _CONSOLE /D _UNICODE /D UNICODE /Gm /EHsc /RTC1 /MDd /GS /fp:precise /Zc:wchar_t /Zc:forScope /Zc:inline /Fo"Debug\\" /Fd"Debug\vc140.pdb" /Gd /TP /analyze- /errorReport:prompt Card.cpp Deck.cpp Hand.cpp Main.cpp
         Main.cpp
         Hand.cpp
     1>i:\gofish\gofish\hand.cpp(37): warning C4018: '<': signed/unsigned mismatch
     1>i:\gofish\gofish\hand.cpp(53): warning C4018: '<': signed/unsigned mismatch
     1>i:\gofish\gofish\hand.cpp(72): warning C4018: '<': signed/unsigned mismatch
     1>i:\gofish\gofish\hand.cpp(74): warning C4018: '<': signed/unsigned mismatch
     1>i:\gofish\gofish\hand.cpp(89): warning C4244: 'argument': conversion from 'time_t' to 'unsigned int', possible loss of data
     1>i:\gofish\gofish\hand.cpp(95): warning C4018: '<': signed/unsigned mismatch
     1>i:\gofish\gofish\hand.cpp(99): warning C4018: '<': signed/unsigned mismatch
     1>i:\gofish\gofish\hand.cpp(115): warning C4018: '>=': signed/unsigned mismatch
     1>i:\gofish\gofish\hand.cpp(138): warning C4018: '<': signed/unsigned mismatch
     1>i:\gofish\gofish\hand.cpp(157): warning C4018: '<': signed/unsigned mismatch
     1>i:\gofish\gofish\hand.cpp(185): warning C4018: '<': signed/unsigned mismatch
         Deck.cpp
     1>i:\gofish\gofish\deck.cpp(21): warning C4244: 'argument': conversion from 'time_t' to 'unsigned int', possible loss of data
     1>i:\gofish\gofish\deck.cpp(27): warning C4018: '<': signed/unsigned mismatch
         Card.cpp
         Generating Code...
     1>i:\gofish\gofish\deck.cpp(48): warning C4715: 'Deck::deal': not all control paths return a value
       Link:
         C:\Program Files (x86)\Microsoft Visual Studio 14.0\VC\bin\link.exe /ERRORREPORT:PROMPT /OUT:"I:\GoFish\Debug\GoFish.exe" /INCREMENTAL /NOLOGO kernel32.lib user32.lib gdi32.lib winspool.lib comdlg32.lib advapi32.lib shell32.lib ole32.lib oleaut32.lib uuid.lib odbc32.lib odbccp32.lib /MANIFEST /MANIFESTUAC:"level='asInvoker' uiAccess='false'" /manifest:embed /Debug /PDB:"I:\GoFish\Debug\GoFish.pdb" /SUBSYSTEM:CONSOLE /TLBID:1 /DYNAMICBASE /NXCOMPAT /IMPLIB:"I:\GoFish\Debug\GoFish.lib" /MACHINE:X86 Debug\Card.obj
         Debug\Deck.obj
         Debug\Hand.obj
         Debug\Main.obj
         GoFish.vcxproj -> I:\GoFish\Debug\GoFish.exe
     1>Done Building Project "I:\GoFish\GoFish\GoFish.vcxproj" (Build target(s)).

Build succeeded.

Time Elapsed 00:00:14.21
