Build started 2/5/2016 8:25:33 AM.
     1>Project "C:\Users\David\Desktop\ATM\ATM\ATM.vcxproj" on node 2 (Build target(s)).
     1>ClCompile:
         C:\Program Files (x86)\Microsoft Visual Studio 14.0\VC\bin\CL.exe /c /ZI /nologo /W3 /WX- /sdl /Od /Oy- /D WIN32 /D _DEBUG /D _CONSOLE /D _UNICODE /D UNICODE /Gm /EHsc /RTC1 /MDd /GS /fp:precise /Zc:wchar_t /Zc:forScope /Zc:inline /Fo"Debug\\" /Fd"Debug\vc140.pdb" /Gd /TP /analyze- /errorReport:prompt ATM.cpp Account.cpp Main.cpp
         ATM.cpp
         Generating Code...
         Compiling...
         Account.cpp
         Generating Code...
     1>c:\users\david\desktop\atm\atm\account.cpp(78): warning C4715: 'Account::withdraw': not all control paths return a value
     1>c:\users\david\desktop\atm\atm\account.cpp(90): warning C4715: 'Account::deposit': not all control paths return a value
         Skipping... (no relevant changes detected)
         Main.cpp
       Link:
         C:\Program Files (x86)\Microsoft Visual Studio 14.0\VC\bin\link.exe /ERRORREPORT:PROMPT /OUT:"C:\Users\David\Desktop\ATM\Debug\ATM.exe" /INCREMENTAL /NOLOGO kernel32.lib user32.lib gdi32.lib winspool.lib comdlg32.lib advapi32.lib shell32.lib ole32.lib oleaut32.lib uuid.lib odbc32.lib odbccp32.lib /MANIFEST /MANIFESTUAC:"level='asInvoker' uiAccess='false'" /manifest:embed /Debug /PDB:"C:\Users\David\Desktop\ATM\Debug\ATM.pdb" /SUBSYSTEM:CONSOLE /TLBID:1 /DYNAMICBASE /NXCOMPAT /IMPLIB:"C:\Users\David\Desktop\ATM\Debug\ATM.lib" /MACHINE:X86 Debug\Account.obj
         Debug\ATM.obj
         Debug\Main.obj
         ATM.vcxproj -> C:\Users\David\Desktop\ATM\Debug\ATM.exe
     1>Done Building Project "C:\Users\David\Desktop\ATM\ATM\ATM.vcxproj" (Build target(s)).

Build succeeded.

Time Elapsed 00:00:02.07
